TN:
SF:src/app.ts
FNF:0
FNH:0
DA:1,1
DA:2,1
DA:3,1
DA:4,1
DA:5,1
DA:6,1
DA:12,1
DA:13,1
DA:18,1
DA:23,1
DA:24,1
DA:25,1
LF:12
LH:12
BRF:0
BRH:0
end_of_record
TN:
SF:src/crud/AppCRUD.ts
FN:9,(anonymous_0)
FN:15,(anonymous_1)
FN:33,(anonymous_2)
FN:47,(anonymous_3)
FN:52,(anonymous_4)
FN:78,(anonymous_5)
FN:84,(anonymous_6)
FNF:7
FNH:3
FNDA:0,(anonymous_0)
FNDA:0,(anonymous_1)
FNDA:2,(anonymous_2)
FNDA:2,(anonymous_3)
FNDA:2,(anonymous_4)
FNDA:0,(anonymous_5)
FNDA:0,(anonymous_6)
DA:3,1
DA:4,1
DA:6,1
DA:10,0
DA:12,0
DA:13,0
DA:15,0
DA:16,0
DA:17,0
DA:19,0
DA:20,0
DA:21,0
DA:23,0
DA:28,0
DA:34,2
DA:35,2
DA:37,2
DA:38,2
DA:40,0
DA:42,0
DA:48,2
DA:49,2
DA:50,2
DA:52,2
DA:53,2
DA:54,1
DA:56,1
DA:57,1
DA:62,1
DA:63,0
DA:66,1
DA:68,0
DA:73,0
DA:79,0
DA:81,0
DA:82,0
DA:84,0
DA:85,0
DA:86,0
DA:88,0
DA:89,0
DA:91,0
DA:92,0
DA:95,0
DA:97,0
DA:102,0
LF:46
LH:17
BRDA:12,0,0,0
BRDA:12,0,1,0
BRDA:16,1,0,0
BRDA:16,1,1,0
BRDA:37,2,0,2
BRDA:37,2,1,0
BRDA:49,3,0,2
BRDA:49,3,1,0
BRDA:53,4,0,1
BRDA:53,4,1,1
BRDA:62,5,0,0
BRDA:62,5,1,1
BRDA:81,6,0,0
BRDA:81,6,1,0
BRDA:85,7,0,0
BRDA:85,7,1,0
BRDA:91,8,0,0
BRDA:91,8,1,0
BRF:18
BRH:5
end_of_record
TN:
SF:src/crud/UserCRUD.ts
FN:8,(anonymous_0)
FN:17,(anonymous_1)
FN:22,(anonymous_2)
FN:37,(anonymous_3)
FN:42,(anonymous_4)
FN:57,(anonymous_5)
FN:63,(anonymous_6)
FN:75,(anonymous_7)
FN:80,(anonymous_8)
FNF:9
FNH:7
FNDA:3,(anonymous_0)
FNDA:2,(anonymous_1)
FNDA:1,(anonymous_2)
FNDA:2,(anonymous_3)
FNDA:1,(anonymous_4)
FNDA:3,(anonymous_5)
FNDA:2,(anonymous_6)
FNDA:0,(anonymous_7)
FNDA:0,(anonymous_8)
DA:1,1
DA:3,1
DA:4,1
DA:6,1
DA:9,3
DA:10,3
DA:11,1
DA:13,2
DA:18,2
DA:19,2
DA:21,2
DA:22,1
DA:23,1
DA:24,0
DA:26,1
DA:30,1
DA:33,0
DA:38,2
DA:39,2
DA:41,2
DA:42,1
DA:43,1
DA:44,0
DA:46,1
DA:50,1
DA:53,0
DA:58,3
DA:60,3
DA:61,2
DA:63,2
DA:64,2
DA:65,1
DA:67,1
DA:71,1
DA:76,0
DA:77,0
DA:78,0
DA:80,0
DA:81,0
DA:82,0
DA:84,0
DA:85,0
DA:90,0
DA:91,0
DA:94,0
DA:96,0
DA:101,0
LF:47
LH:30
BRDA:21,0,0,1
BRDA:21,0,1,1
BRDA:23,1,0,0
BRDA:23,1,1,1
BRDA:41,2,0,1
BRDA:41,2,1,1
BRDA:43,3,0,0
BRDA:43,3,1,1
BRDA:60,4,0,2
BRDA:60,4,1,1
BRDA:64,5,0,1
BRDA:64,5,1,1
BRDA:77,6,0,0
BRDA:77,6,1,0
BRDA:81,7,0,0
BRDA:81,7,1,0
BRDA:90,8,0,0
BRDA:90,8,1,0
BRF:18
BRH:10
end_of_record
TN:
SF:src/crud/assets/handleErrors.ts
FN:2,handleErrors
FN:10,handleDuplicateKeyError
FNF:2
FNH:2
FNDA:2,handleErrors
FNDA:1,handleDuplicateKeyError
DA:2,1
DA:3,2
DA:4,1
DA:6,1
DA:7,0
DA:10,1
DA:11,1
DA:12,1
DA:13,1
DA:14,1
DA:15,1
DA:17,0
DA:19,1
LF:13
LH:11
BRDA:3,0,0,1
BRDA:3,0,1,1
BRDA:6,1,0,1
BRDA:6,1,1,0
BRDA:6,2,0,1
BRDA:6,2,1,1
BRDA:14,3,0,1
BRDA:14,3,1,0
BRF:8
BRH:6
end_of_record
TN:
SF:src/crud/assets/sendEmail.ts
FN:8,sendEmail
FNF:1
FNH:1
FNDA:1,sendEmail
DA:1,1
DA:3,1
DA:4,1
DA:5,1
DA:6,1
DA:8,1
DA:9,1
DA:10,1
DA:20,1
DA:26,1
DA:29,0
LF:11
LH:10
BRF:0
BRH:0
end_of_record
TN:
SF:src/db/dbconfig.ts
FNF:0
FNH:0
DA:1,1
DA:2,1
DA:3,1
DA:4,1
DA:5,1
DA:6,1
DA:8,1
LF:7
LH:7
BRDA:8,0,0,1
BRDA:8,0,1,1
BRF:2
BRH:2
end_of_record
TN:
SF:src/db/mongoose.ts
FN:10,(anonymous_0)
FN:12,(anonymous_1)
FNF:2
FNH:1
FNDA:1,(anonymous_0)
FNDA:0,(anonymous_1)
DA:1,1
DA:2,1
DA:4,1
DA:5,1
DA:11,1
DA:13,0
LF:6
LH:5
BRF:0
BRH:0
end_of_record
TN:
SF:src/models/juice.ts
FNF:0
FNH:0
DA:1,1
DA:11,1
DA:35,1
LF:3
LH:3
BRF:0
BRH:0
end_of_record
TN:
SF:src/models/user.ts
FN:27,(anonymous_0)
FN:37,(anonymous_1)
FNF:2
FNH:2
FNDA:4,(anonymous_0)
FNDA:5,(anonymous_1)
DA:1,1
DA:2,1
DA:15,1
DA:28,4
DA:29,0
DA:38,5
DA:39,1
DA:71,1
LF:8
LH:7
BRDA:28,0,0,0
BRDA:28,0,1,4
BRDA:38,1,0,1
BRDA:38,1,1,4
BRF:4
BRH:3
end_of_record
TN:
SF:src/routers/default.ts
FN:9,(anonymous_0)
FNF:1
FNH:0
FNDA:0,(anonymous_0)
DA:2,1
DA:4,1
DA:9,1
DA:10,0
LF:4
LH:3
BRF:0
BRH:0
end_of_record
TN:
SF:src/routers/juiceRouter.ts
FN:8,(anonymous_0)
FN:14,(anonymous_1)
FN:20,(anonymous_2)
FNF:3
FNH:0
FNDA:0,(anonymous_0)
FNDA:0,(anonymous_1)
FNDA:0,(anonymous_2)
DA:1,1
DA:2,1
DA:3,1
DA:5,1
DA:8,1
DA:9,0
DA:10,0
DA:14,1
DA:15,0
DA:16,0
DA:20,1
DA:21,0
LF:12
LH:7
BRDA:15,0,0,0
BRDA:15,0,1,0
BRF:2
BRH:0
end_of_record
TN:
SF:src/routers/userRouter.ts
FN:9,(anonymous_0)
FN:14,(anonymous_1)
FN:18,(anonymous_2)
FN:23,(anonymous_3)
FN:27,(anonymous_4)
FN:33,(anonymous_5)
FN:37,(anonymous_6)
FN:48,(anonymous_7)
FN:52,(anonymous_8)
FN:69,(anonymous_9)
FNF:10
FNH:7
FNDA:3,(anonymous_0)
FNDA:2,(anonymous_1)
FNDA:2,(anonymous_2)
FNDA:3,(anonymous_3)
FNDA:2,(anonymous_4)
FNDA:0,(anonymous_5)
FNDA:0,(anonymous_6)
FNDA:2,(anonymous_7)
FNDA:2,(anonymous_8)
FNDA:0,(anonymous_9)
DA:1,1
DA:2,1
DA:3,1
DA:4,1
DA:6,1
DA:9,1
DA:10,3
DA:11,3
DA:14,1
DA:15,2
DA:18,1
DA:19,2
DA:23,1
DA:24,3
DA:27,1
DA:28,2
DA:29,2
DA:33,1
DA:34,0
DA:35,0
DA:37,0
DA:39,0
DA:40,0
DA:44,0
DA:48,1
DA:49,2
DA:50,2
DA:52,2
DA:54,2
DA:55,0
DA:59,2
DA:60,0
DA:64,2
DA:69,1
DA:70,0
DA:71,0
DA:75,0
LF:37
LH:26
BRDA:28,0,0,0
BRDA:28,0,1,2
BRDA:39,1,0,0
BRDA:39,1,1,0
BRDA:54,2,0,0
BRDA:54,2,1,2
BRDA:59,3,0,0
BRDA:59,3,1,2
BRDA:70,4,0,0
BRDA:70,4,1,0
BRF:10
BRH:3
end_of_record
