TN:
SF:src/app.ts
FNF:0
FNH:0
DA:1,1
DA:2,1
DA:3,1
DA:4,1
DA:5,1
DA:6,1
DA:12,1
DA:13,1
DA:18,1
DA:23,1
DA:24,1
DA:25,1
LF:12
LH:12
BRF:0
BRH:0
end_of_record
TN:
SF:src/crud/AppCRUD.ts
FN:8,(anonymous_0)
FN:14,(anonymous_1)
FN:32,(anonymous_2)
FN:46,(anonymous_3)
FN:51,(anonymous_4)
FN:77,(anonymous_5)
FN:83,(anonymous_6)
FNF:7
FNH:7
FNDA:4,(anonymous_0)
FNDA:3,(anonymous_1)
FNDA:4,(anonymous_2)
FNDA:7,(anonymous_3)
FNDA:6,(anonymous_4)
FNDA:4,(anonymous_5)
FNDA:3,(anonymous_6)
DA:3,1
DA:5,1
DA:9,4
DA:11,4
DA:12,3
DA:14,3
DA:15,3
DA:16,1
DA:18,2
DA:19,2
DA:20,1
DA:22,1
DA:27,1
DA:33,4
DA:34,4
DA:36,4
DA:37,3
DA:39,1
DA:41,0
DA:47,7
DA:48,7
DA:49,6
DA:51,6
DA:52,6
DA:53,1
DA:55,5
DA:56,5
DA:61,4
DA:62,2
DA:65,2
DA:67,2
DA:72,1
DA:78,4
DA:80,4
DA:81,3
DA:83,3
DA:84,3
DA:85,0
DA:87,3
DA:88,3
DA:90,2
DA:91,1
DA:94,1
DA:96,1
DA:101,1
LF:45
LH:43
BRDA:11,0,0,3
BRDA:11,0,1,1
BRDA:15,1,0,1
BRDA:15,1,1,2
BRDA:36,2,0,3
BRDA:36,2,1,1
BRDA:48,3,0,6
BRDA:48,3,1,1
BRDA:52,4,0,1
BRDA:52,4,1,5
BRDA:61,5,0,2
BRDA:61,5,1,2
BRDA:80,6,0,3
BRDA:80,6,1,1
BRDA:84,7,0,0
BRDA:84,7,1,3
BRDA:90,8,0,1
BRDA:90,8,1,1
BRF:18
BRH:17
end_of_record
TN:
SF:src/crud/UserCRUD.ts
FN:8,(anonymous_0)
FN:17,(anonymous_1)
FN:22,(anonymous_2)
FN:37,(anonymous_3)
FN:42,(anonymous_4)
FN:57,(anonymous_5)
FN:63,(anonymous_6)
FN:75,(anonymous_7)
FN:80,(anonymous_8)
FNF:9
FNH:7
FNDA:3,(anonymous_0)
FNDA:3,(anonymous_1)
FNDA:2,(anonymous_2)
FNDA:2,(anonymous_3)
FNDA:1,(anonymous_4)
FNDA:3,(anonymous_5)
FNDA:2,(anonymous_6)
FNDA:0,(anonymous_7)
FNDA:0,(anonymous_8)
DA:1,1
DA:3,1
DA:4,1
DA:6,1
DA:9,3
DA:10,3
DA:11,1
DA:13,2
DA:18,3
DA:19,3
DA:21,3
DA:22,2
DA:23,2
DA:24,0
DA:26,2
DA:30,1
DA:33,0
DA:38,2
DA:39,2
DA:41,2
DA:42,1
DA:43,1
DA:44,0
DA:46,1
DA:50,1
DA:53,0
DA:58,3
DA:60,3
DA:61,2
DA:63,2
DA:64,2
DA:65,1
DA:67,1
DA:71,1
DA:76,0
DA:77,0
DA:78,0
DA:80,0
DA:81,0
DA:82,0
DA:84,0
DA:85,0
DA:90,0
DA:91,0
DA:94,0
DA:96,0
DA:101,0
LF:47
LH:30
BRDA:21,0,0,2
BRDA:21,0,1,1
BRDA:23,1,0,0
BRDA:23,1,1,2
BRDA:41,2,0,1
BRDA:41,2,1,1
BRDA:43,3,0,0
BRDA:43,3,1,1
BRDA:60,4,0,2
BRDA:60,4,1,1
BRDA:64,5,0,1
BRDA:64,5,1,1
BRDA:77,6,0,0
BRDA:77,6,1,0
BRDA:81,7,0,0
BRDA:81,7,1,0
BRDA:90,8,0,0
BRDA:90,8,1,0
BRF:18
BRH:10
end_of_record
TN:
SF:src/crud/assets/handleErrors.ts
FN:2,handleErrors
FN:10,handleDuplicateKeyError
FNF:2
FNH:2
FNDA:2,handleErrors
FNDA:1,handleDuplicateKeyError
DA:2,1
DA:3,2
DA:4,1
DA:6,1
DA:7,0
DA:10,1
DA:11,1
DA:12,1
DA:13,1
DA:14,1
DA:15,1
DA:17,0
DA:19,1
LF:13
LH:11
BRDA:3,0,0,1
BRDA:3,0,1,1
BRDA:6,1,0,1
BRDA:6,1,1,0
BRDA:6,2,0,1
BRDA:6,2,1,1
BRDA:14,3,0,1
BRDA:14,3,1,0
BRF:8
BRH:6
end_of_record
TN:
SF:src/crud/assets/sendEmail.ts
FN:8,sendEmail
FNF:1
FNH:1
FNDA:1,sendEmail
DA:1,1
DA:3,1
DA:4,1
DA:5,1
DA:6,1
DA:8,1
DA:9,1
DA:10,1
DA:20,1
DA:26,1
DA:29,0
LF:11
LH:10
BRF:0
BRH:0
end_of_record
TN:
SF:src/db/dbconfig.ts
FNF:0
FNH:0
DA:1,1
DA:2,1
DA:3,1
DA:4,1
DA:5,1
DA:6,1
DA:8,1
LF:7
LH:7
BRDA:8,0,0,1
BRDA:8,0,1,1
BRF:2
BRH:2
end_of_record
TN:
SF:src/db/mongoose.ts
FN:10,(anonymous_0)
FN:12,(anonymous_1)
FNF:2
FNH:1
FNDA:1,(anonymous_0)
FNDA:0,(anonymous_1)
DA:1,1
DA:2,1
DA:4,1
DA:5,1
DA:11,1
DA:13,0
LF:6
LH:5
BRF:0
BRH:0
end_of_record
TN:
SF:src/models/juice.ts
FNF:0
FNH:0
DA:1,1
DA:11,1
DA:33,1
LF:3
LH:3
BRF:0
BRH:0
end_of_record
TN:
SF:src/models/user.ts
FN:26,(anonymous_0)
FN:36,(anonymous_1)
FNF:2
FNH:2
FNDA:5,(anonymous_0)
FNDA:6,(anonymous_1)
DA:1,1
DA:2,1
DA:14,1
DA:27,5
DA:28,0
DA:37,6
DA:38,1
DA:65,1
LF:8
LH:7
BRDA:27,0,0,0
BRDA:27,0,1,5
BRDA:37,1,0,1
BRDA:37,1,1,5
BRF:4
BRH:3
end_of_record
TN:
SF:src/routers/default.ts
FN:9,(anonymous_0)
FNF:1
FNH:1
FNDA:1,(anonymous_0)
DA:2,1
DA:4,1
DA:9,1
DA:10,1
LF:4
LH:4
BRF:0
BRH:0
end_of_record
TN:
SF:src/routers/juiceRouter.ts
FN:8,(anonymous_0)
FN:14,(anonymous_1)
FN:20,(anonymous_2)
FN:24,(anonymous_3)
FN:41,(anonymous_4)
FNF:5
FNH:5
FNDA:4,(anonymous_0)
FNDA:2,(anonymous_1)
FNDA:6,(anonymous_2)
FNDA:6,(anonymous_3)
FNDA:4,(anonymous_4)
DA:1,1
DA:2,1
DA:3,1
DA:5,1
DA:8,1
DA:9,4
DA:10,4
DA:14,1
DA:15,2
DA:16,2
DA:20,1
DA:21,6
DA:22,6
DA:24,6
DA:26,6
DA:27,1
DA:31,5
DA:32,1
DA:36,5
DA:41,1
DA:42,4
LF:21
LH:21
BRDA:15,0,0,1
BRDA:15,0,1,1
BRDA:26,1,0,1
BRDA:26,1,1,5
BRDA:31,2,0,1
BRDA:31,2,1,4
BRF:6
BRH:6
end_of_record
TN:
SF:src/routers/userRouter.ts
FN:9,(anonymous_0)
FN:14,(anonymous_1)
FN:18,(anonymous_2)
FN:23,(anonymous_3)
FN:27,(anonymous_4)
FN:33,(anonymous_5)
FN:37,(anonymous_6)
FN:48,(anonymous_7)
FN:52,(anonymous_8)
FN:69,(anonymous_9)
FNF:10
FNH:7
FNDA:3,(anonymous_0)
FNDA:3,(anonymous_1)
FNDA:2,(anonymous_2)
FNDA:3,(anonymous_3)
FNDA:2,(anonymous_4)
FNDA:0,(anonymous_5)
FNDA:0,(anonymous_6)
FNDA:2,(anonymous_7)
FNDA:2,(anonymous_8)
FNDA:0,(anonymous_9)
DA:1,1
DA:2,1
DA:3,1
DA:4,1
DA:6,1
DA:9,1
DA:10,3
DA:11,3
DA:14,1
DA:15,3
DA:18,1
DA:19,2
DA:23,1
DA:24,3
DA:27,1
DA:28,2
DA:29,2
DA:33,1
DA:34,0
DA:35,0
DA:37,0
DA:39,0
DA:40,0
DA:44,0
DA:48,1
DA:49,2
DA:50,2
DA:52,2
DA:54,2
DA:55,0
DA:59,2
DA:60,0
DA:64,2
DA:69,1
DA:70,0
DA:71,0
DA:75,0
LF:37
LH:26
BRDA:28,0,0,0
BRDA:28,0,1,2
BRDA:39,1,0,0
BRDA:39,1,1,0
BRDA:54,2,0,0
BRDA:54,2,1,2
BRDA:59,3,0,0
BRDA:59,3,1,2
BRDA:70,4,0,0
BRDA:70,4,1,0
BRF:10
BRH:3
end_of_record
