TN:
SF:vue.config.js
FNF:0
FNH:0
DA:1,2
DA:2,2
LF:2
LH:2
BRF:0
BRH:0
end_of_record
TN:
SF:src/router/index.js
FNF:0
FNH:0
DA:1,1
DA:2,1
DA:3,1
DA:4,1
DA:5,1
DA:6,1
DA:7,1
DA:9,1
DA:11,1
DA:43,1
DA:47,1
DA:48,1
LF:12
LH:12
BRF:0
BRH:0
end_of_record
TN:
SF:src/store/modules/userModel.js
FN:5,(anonymous_1341)
FN:17,(anonymous_1342)
FN:24,(anonymous_1343)
FN:27,(anonymous_1344)
FN:30,(anonymous_1345)
FN:33,(anonymous_1346)
FN:36,(anonymous_1347)
FN:39,(anonymous_1348)
FN:42,(anonymous_1349)
FN:45,(anonymous_1350)
FN:49,(anonymous_1351)
FN:56,(anonymous_1352)
FN:69,(anonymous_1353)
FN:82,(anonymous_1354)
FN:96,(anonymous_1355)
FN:107,(anonymous_1356)
FN:121,(anonymous_1357)
FN:129,(anonymous_1358)
FN:143,(anonymous_1359)
FN:151,(anonymous_1360)
FN:154,(anonymous_1361)
FN:157,(anonymous_1362)
FN:160,(anonymous_1363)
FN:163,(anonymous_1364)
FN:166,(anonymous_1365)
FN:169,(anonymous_1366)
FN:172,(anonymous_1367)
FN:175,(anonymous_1368)
FN:178,(anonymous_1369)
FN:183,(anonymous_1370)
FN:184,(anonymous_1371)
FN:185,(anonymous_1372)
FN:186,(anonymous_1373)
FN:187,(anonymous_1374)
FN:188,(anonymous_1375)
FN:189,(anonymous_1376)
FN:190,(anonymous_1377)
FN:191,(anonymous_1378)
FNF:38
FNH:26
FNDA:9,(anonymous_1341)
FNDA:1,(anonymous_1342)
FNDA:1,(anonymous_1343)
FNDA:1,(anonymous_1344)
FNDA:1,(anonymous_1345)
FNDA:0,(anonymous_1346)
FNDA:1,(anonymous_1347)
FNDA:1,(anonymous_1348)
FNDA:1,(anonymous_1349)
FNDA:1,(anonymous_1350)
FNDA:1,(anonymous_1351)
FNDA:0,(anonymous_1352)
FNDA:0,(anonymous_1353)
FNDA:0,(anonymous_1354)
FNDA:0,(anonymous_1355)
FNDA:0,(anonymous_1356)
FNDA:0,(anonymous_1357)
FNDA:0,(anonymous_1358)
FNDA:0,(anonymous_1359)
FNDA:1,(anonymous_1360)
FNDA:1,(anonymous_1361)
FNDA:1,(anonymous_1362)
FNDA:1,(anonymous_1363)
FNDA:1,(anonymous_1364)
FNDA:1,(anonymous_1365)
FNDA:0,(anonymous_1366)
FNDA:1,(anonymous_1367)
FNDA:1,(anonymous_1368)
FNDA:1,(anonymous_1369)
FNDA:1,(anonymous_1370)
FNDA:1,(anonymous_1371)
FNDA:1,(anonymous_1372)
FNDA:2,(anonymous_1373)
FNDA:4,(anonymous_1374)
FNDA:4,(anonymous_1375)
FNDA:0,(anonymous_1376)
FNDA:0,(anonymous_1377)
FNDA:1,(anonymous_1378)
DA:1,1
DA:2,1
DA:4,1
DA:5,9
DA:18,1
DA:19,1
DA:20,1
DA:21,1
DA:22,1
DA:25,1
DA:28,1
DA:31,1
DA:34,0
DA:37,1
DA:40,1
DA:43,1
DA:46,1
DA:47,1
DA:50,1
DA:51,1
DA:52,1
DA:57,0
DA:58,0
DA:64,0
DA:66,0
DA:70,0
DA:71,0
DA:75,0
DA:76,0
DA:77,0
DA:79,0
DA:83,0
DA:84,0
DA:89,0
DA:90,0
DA:93,0
DA:97,0
DA:98,0
DA:101,0
DA:102,0
DA:104,0
DA:108,0
DA:109,0
DA:116,0
DA:118,0
DA:122,0
DA:123,0
DA:124,0
DA:126,0
DA:130,0
DA:131,0
DA:140,0
DA:144,0
DA:145,0
DA:146,0
DA:148,0
DA:152,1
DA:155,1
DA:158,1
DA:161,1
DA:164,1
DA:167,1
DA:170,0
DA:173,1
DA:176,1
DA:179,1
DA:183,1
DA:184,1
DA:185,1
DA:186,2
DA:187,4
DA:188,4
DA:189,0
DA:190,0
DA:191,1
DA:193,1
LF:76
LH:37
BRDA:89,0,0,0
BRDA:89,0,1,0
BRF:2
BRH:0
end_of_record
TN:
SF:tests/unit/User.spec.js
FN:5,(anonymous_2)
FN:8,(anonymous_3)
FN:16,(anonymous_4)
FN:33,(anonymous_5)
FN:48,(anonymous_6)
FN:58,(anonymous_7)
FN:68,(anonymous_8)
FN:78,(anonymous_9)
FN:88,(anonymous_10)
FN:98,(anonymous_11)
FN:111,(anonymous_12)
FNF:11
FNH:11
FNDA:1,(anonymous_2)
FNDA:9,(anonymous_3)
FNDA:1,(anonymous_4)
FNDA:1,(anonymous_5)
FNDA:1,(anonymous_6)
FNDA:1,(anonymous_7)
FNDA:1,(anonymous_8)
FNDA:1,(anonymous_9)
FNDA:1,(anonymous_10)
FNDA:1,(anonymous_11)
FNDA:1,(anonymous_12)
DA:1,1
DA:2,1
DA:3,1
DA:5,1
DA:8,1
DA:9,9
DA:16,1
DA:18,1
DA:26,1
DA:28,1
DA:29,1
DA:30,1
DA:33,1
DA:35,1
DA:43,1
DA:45,1
DA:48,1
DA:50,1
DA:52,1
DA:54,1
DA:55,1
DA:58,1
DA:60,1
DA:62,1
DA:64,1
DA:65,1
DA:68,1
DA:70,1
DA:72,1
DA:74,1
DA:75,1
DA:78,1
DA:80,1
DA:82,1
DA:84,1
DA:85,1
DA:88,1
DA:90,1
DA:92,1
DA:94,1
DA:95,1
DA:98,1
DA:100,1
DA:105,1
DA:107,1
DA:108,1
DA:111,1
DA:113,1
DA:119,1
DA:121,1
DA:122,1
DA:123,1
LF:52
LH:52
BRF:0
BRH:0
end_of_record
