TN:
SF:vue.config.js
FNF:0
FNH:0
DA:1,2
DA:2,2
LF:2
LH:2
BRF:0
BRH:0
end_of_record
TN:
SF:dist/js/webpack:/juicer/src/router/index.js
FNF:0
FNH:0
DA:1,1
DA:2,1
DA:3,1
DA:4,1
DA:5,1
DA:6,1
DA:7,1
DA:9,1
DA:11,1
DA:43,1
DA:47,1
DA:48,1
LF:12
LH:12
BRF:0
BRH:0
end_of_record
TN:
SF:dist/js/webpack:/juicer/src/store/modules/juiceModel.js
FN:5,(anonymous_1341)
FN:19,(anonymous_1342)
FN:26,(anonymous_1343)
FN:29,(anonymous_1344)
FN:32,(anonymous_1345)
FN:35,(anonymous_1346)
FN:38,(anonymous_1347)
FN:41,(anonymous_1348)
FN:44,(anonymous_1349)
FN:47,(anonymous_1350)
FN:52,(anonymous_1351)
FN:55,(anonymous_1352)
FN:58,(anonymous_1353)
FN:61,(anonymous_1354)
FN:64,(anonymous_1355)
FN:67,(anonymous_1356)
FN:70,(anonymous_1357)
FN:73,(anonymous_1358)
FN:76,(anonymous_1359)
FN:79,(anonymous_1360)
FN:98,(anonymous_1361)
FN:118,(anonymous_1362)
FN:141,(anonymous_1363)
FN:153,(anonymous_1364)
FN:165,(anonymous_1365)
FN:178,(anonymous_1366)
FN:192,(anonymous_1367)
FN:193,(anonymous_1368)
FN:194,(anonymous_1369)
FN:195,(anonymous_1370)
FN:196,(anonymous_1371)
FN:197,(anonymous_1372)
FN:198,(anonymous_1373)
FN:199,(anonymous_1374)
FN:200,(anonymous_1375)
FN:201,(anonymous_1376)
FN:202,(anonymous_1377)
FNF:37
FNH:30
FNDA:9,(anonymous_1341)
FNDA:1,(anonymous_1342)
FNDA:1,(anonymous_1343)
FNDA:1,(anonymous_1344)
FNDA:1,(anonymous_1345)
FNDA:1,(anonymous_1346)
FNDA:1,(anonymous_1347)
FNDA:1,(anonymous_1348)
FNDA:1,(anonymous_1349)
FNDA:1,(anonymous_1350)
FNDA:1,(anonymous_1351)
FNDA:1,(anonymous_1352)
FNDA:1,(anonymous_1353)
FNDA:1,(anonymous_1354)
FNDA:1,(anonymous_1355)
FNDA:1,(anonymous_1356)
FNDA:1,(anonymous_1357)
FNDA:1,(anonymous_1358)
FNDA:1,(anonymous_1359)
FNDA:0,(anonymous_1360)
FNDA:0,(anonymous_1361)
FNDA:0,(anonymous_1362)
FNDA:0,(anonymous_1363)
FNDA:0,(anonymous_1364)
FNDA:0,(anonymous_1365)
FNDA:0,(anonymous_1366)
FNDA:1,(anonymous_1367)
FNDA:1,(anonymous_1368)
FNDA:1,(anonymous_1369)
FNDA:1,(anonymous_1370)
FNDA:1,(anonymous_1371)
FNDA:1,(anonymous_1372)
FNDA:1,(anonymous_1373)
FNDA:1,(anonymous_1374)
FNDA:1,(anonymous_1375)
FNDA:1,(anonymous_1376)
FNDA:1,(anonymous_1377)
DA:1,1
DA:2,1
DA:4,1
DA:5,9
DA:20,1
DA:21,1
DA:22,1
DA:23,1
DA:24,1
DA:27,1
DA:30,1
DA:33,1
DA:36,1
DA:39,1
DA:42,1
DA:45,1
DA:48,1
DA:53,1
DA:56,1
DA:59,1
DA:62,1
DA:65,1
DA:68,1
DA:71,1
DA:74,1
DA:77,1
DA:80,0
DA:81,0
DA:92,0
DA:93,0
DA:95,0
DA:99,0
DA:100,0
DA:105,0
DA:106,0
DA:108,0
DA:109,0
DA:111,0
DA:115,0
DA:119,0
DA:120,0
DA:128,0
DA:129,0
DA:131,0
DA:132,0
DA:134,0
DA:138,0
DA:142,0
DA:143,0
DA:144,0
DA:146,0
DA:147,0
DA:149,0
DA:154,0
DA:155,0
DA:156,0
DA:158,0
DA:159,0
DA:161,0
DA:166,0
DA:167,0
DA:168,0
DA:169,0
DA:171,0
DA:172,0
DA:174,0
DA:179,0
DA:180,0
DA:181,0
DA:183,0
DA:184,0
DA:186,0
DA:192,1
DA:193,1
DA:194,1
DA:195,1
DA:196,1
DA:197,1
DA:198,1
DA:199,1
DA:200,1
DA:201,1
DA:202,1
DA:204,1
LF:84
LH:38
BRDA:105,0,0,0
BRDA:105,0,1,0
BRDA:108,1,0,0
BRDA:108,1,1,0
BRDA:128,2,0,0
BRDA:128,2,1,0
BRDA:131,3,0,0
BRDA:131,3,1,0
BRDA:146,4,0,0
BRDA:146,4,1,0
BRDA:158,5,0,0
BRDA:158,5,1,0
BRDA:171,6,0,0
BRDA:171,6,1,0
BRDA:183,7,0,0
BRDA:183,7,1,0
BRF:16
BRH:0
end_of_record
TN:
SF:dist/js/webpack:/juicer/src/store/modules/userModel.js
FN:5,(anonymous_2960)
FN:17,(anonymous_2961)
FN:24,(anonymous_2962)
FN:27,(anonymous_2963)
FN:30,(anonymous_2964)
FN:33,(anonymous_2965)
FN:36,(anonymous_2966)
FN:39,(anonymous_2967)
FN:42,(anonymous_2968)
FN:45,(anonymous_2969)
FN:48,(anonymous_2970)
FN:51,(anonymous_2971)
FN:55,(anonymous_2972)
FN:62,(anonymous_2973)
FN:75,(anonymous_2974)
FN:88,(anonymous_2975)
FN:102,(anonymous_2976)
FN:113,(anonymous_2977)
FN:127,(anonymous_2978)
FN:135,(anonymous_2979)
FN:149,(anonymous_2980)
FN:157,(anonymous_2981)
FN:160,(anonymous_2982)
FN:163,(anonymous_2983)
FN:166,(anonymous_2984)
FN:169,(anonymous_2985)
FN:172,(anonymous_2986)
FN:175,(anonymous_2987)
FN:178,(anonymous_2988)
FN:181,(anonymous_2989)
FN:184,(anonymous_2990)
FN:187,(anonymous_2991)
FN:190,(anonymous_2992)
FN:195,(anonymous_2993)
FN:196,(anonymous_2994)
FN:197,(anonymous_2995)
FN:198,(anonymous_2996)
FN:199,(anonymous_2997)
FN:200,(anonymous_2998)
FN:201,(anonymous_2999)
FN:202,(anonymous_3000)
FN:203,(anonymous_3001)
FNF:42
FNH:34
FNDA:12,(anonymous_2960)
FNDA:1,(anonymous_2961)
FNDA:1,(anonymous_2962)
FNDA:1,(anonymous_2963)
FNDA:1,(anonymous_2964)
FNDA:1,(anonymous_2965)
FNDA:1,(anonymous_2966)
FNDA:1,(anonymous_2967)
FNDA:1,(anonymous_2968)
FNDA:1,(anonymous_2969)
FNDA:1,(anonymous_2970)
FNDA:1,(anonymous_2971)
FNDA:1,(anonymous_2972)
FNDA:0,(anonymous_2973)
FNDA:0,(anonymous_2974)
FNDA:0,(anonymous_2975)
FNDA:0,(anonymous_2976)
FNDA:0,(anonymous_2977)
FNDA:0,(anonymous_2978)
FNDA:0,(anonymous_2979)
FNDA:0,(anonymous_2980)
FNDA:1,(anonymous_2981)
FNDA:1,(anonymous_2982)
FNDA:1,(anonymous_2983)
FNDA:1,(anonymous_2984)
FNDA:1,(anonymous_2985)
FNDA:1,(anonymous_2986)
FNDA:1,(anonymous_2987)
FNDA:1,(anonymous_2988)
FNDA:1,(anonymous_2989)
FNDA:1,(anonymous_2990)
FNDA:1,(anonymous_2991)
FNDA:1,(anonymous_2992)
FNDA:1,(anonymous_2993)
FNDA:1,(anonymous_2994)
FNDA:1,(anonymous_2995)
FNDA:3,(anonymous_2996)
FNDA:4,(anonymous_2997)
FNDA:4,(anonymous_2998)
FNDA:1,(anonymous_2999)
FNDA:1,(anonymous_3000)
FNDA:1,(anonymous_3001)
DA:1,1
DA:2,1
DA:4,1
DA:5,12
DA:18,1
DA:19,1
DA:20,1
DA:21,1
DA:22,1
DA:25,1
DA:28,1
DA:31,1
DA:34,1
DA:37,1
DA:40,1
DA:43,1
DA:46,1
DA:49,1
DA:52,1
DA:53,1
DA:56,1
DA:57,1
DA:58,1
DA:63,0
DA:64,0
DA:70,0
DA:72,0
DA:76,0
DA:77,0
DA:81,0
DA:82,0
DA:83,0
DA:85,0
DA:89,0
DA:90,0
DA:95,0
DA:96,0
DA:99,0
DA:103,0
DA:104,0
DA:107,0
DA:108,0
DA:110,0
DA:114,0
DA:115,0
DA:122,0
DA:124,0
DA:128,0
DA:129,0
DA:130,0
DA:132,0
DA:136,0
DA:137,0
DA:146,0
DA:150,0
DA:151,0
DA:152,0
DA:154,0
DA:158,1
DA:161,1
DA:164,1
DA:167,1
DA:170,1
DA:173,1
DA:176,1
DA:179,1
DA:182,1
DA:185,1
DA:188,1
DA:191,1
DA:195,1
DA:196,1
DA:197,1
DA:198,3
DA:199,4
DA:200,4
DA:201,1
DA:202,1
DA:203,1
DA:205,1
LF:80
LH:45
BRDA:95,0,0,0
BRDA:95,0,1,0
BRF:2
BRH:0
end_of_record
TN:
SF:dist/js/webpack:/juicer/tests/unit/Juice.spec.js
FN:5,(anonymous_2)
FN:7,(anonymous_3)
FN:15,(anonymous_4)
FN:32,(anonymous_5)
FN:41,(anonymous_6)
FN:50,(anonymous_7)
FN:59,(anonymous_8)
FN:83,(anonymous_9)
FN:92,(anonymous_10)
FN:101,(anonymous_11)
FN:110,(anonymous_12)
FNF:11
FNH:11
FNDA:1,(anonymous_2)
FNDA:9,(anonymous_3)
FNDA:1,(anonymous_4)
FNDA:1,(anonymous_5)
FNDA:1,(anonymous_6)
FNDA:1,(anonymous_7)
FNDA:1,(anonymous_8)
FNDA:1,(anonymous_9)
FNDA:1,(anonymous_10)
FNDA:1,(anonymous_11)
FNDA:1,(anonymous_12)
DA:1,1
DA:2,1
DA:3,1
DA:5,1
DA:7,1
DA:8,9
DA:15,1
DA:17,1
DA:25,1
DA:27,1
DA:28,1
DA:29,1
DA:32,1
DA:34,1
DA:36,1
DA:38,1
DA:41,1
DA:43,1
DA:45,1
DA:47,1
DA:50,1
DA:52,1
DA:54,1
DA:56,1
DA:59,1
DA:61,1
DA:78,1
DA:80,1
DA:83,1
DA:85,1
DA:87,1
DA:89,1
DA:92,1
DA:94,1
DA:96,1
DA:98,1
DA:101,1
DA:103,1
DA:105,1
DA:107,1
DA:110,1
DA:112,1
DA:114,1
DA:116,1
LF:44
LH:44
BRF:0
BRH:0
end_of_record
TN:
SF:dist/js/webpack:/juicer/tests/unit/User.spec.js
FN:5,(anonymous_2945)
FN:8,(anonymous_2946)
FN:16,(anonymous_2947)
FN:33,(anonymous_2948)
FN:48,(anonymous_2949)
FN:58,(anonymous_2950)
FN:68,(anonymous_2951)
FN:78,(anonymous_2952)
FN:88,(anonymous_2953)
FN:98,(anonymous_2954)
FN:108,(anonymous_2955)
FN:118,(anonymous_2956)
FN:128,(anonymous_2957)
FN:141,(anonymous_2958)
FNF:14
FNH:14
FNDA:1,(anonymous_2945)
FNDA:12,(anonymous_2946)
FNDA:1,(anonymous_2947)
FNDA:1,(anonymous_2948)
FNDA:1,(anonymous_2949)
FNDA:1,(anonymous_2950)
FNDA:1,(anonymous_2951)
FNDA:1,(anonymous_2952)
FNDA:1,(anonymous_2953)
FNDA:1,(anonymous_2954)
FNDA:1,(anonymous_2955)
FNDA:1,(anonymous_2956)
FNDA:1,(anonymous_2957)
FNDA:1,(anonymous_2958)
DA:1,1
DA:2,1
DA:3,1
DA:5,1
DA:8,1
DA:9,12
DA:16,1
DA:18,1
DA:26,1
DA:28,1
DA:29,1
DA:30,1
DA:33,1
DA:35,1
DA:43,1
DA:45,1
DA:48,1
DA:50,1
DA:52,1
DA:54,1
DA:55,1
DA:58,1
DA:60,1
DA:62,1
DA:64,1
DA:65,1
DA:68,1
DA:70,1
DA:72,1
DA:74,1
DA:75,1
DA:78,1
DA:80,1
DA:82,1
DA:84,1
DA:85,1
DA:88,1
DA:90,1
DA:92,1
DA:94,1
DA:95,1
DA:98,1
DA:100,1
DA:102,1
DA:104,1
DA:105,1
DA:108,1
DA:110,1
DA:112,1
DA:114,1
DA:115,1
DA:118,1
DA:120,1
DA:122,1
DA:124,1
DA:125,1
DA:128,1
DA:130,1
DA:135,1
DA:137,1
DA:138,1
DA:141,1
DA:143,1
DA:149,1
DA:151,1
DA:152,1
DA:153,1
LF:67
LH:67
BRF:0
BRH:0
end_of_record
